<?xml version="1.0" encoding="UTF-8"?>
<!-- Generated by org.testng.reporters.JUnitReportReporter -->
<testsuite skipped="0" hostname="MAYUR-PC" name="com.automationframe.testcases.DeleteEmployee" tests="1" failures="0" timestamp="2020-04-18T00:44:04 IST" time="6.006" errors="0">
  <testcase name="deleteData" time="6.006" classname="com.automationframe.testcases.DeleteEmployee"/>
  <system-out/>
</testsuite> <!-- com.automationframe.testcases.DeleteEmployee -->
