<?xml version="1.0" encoding="UTF-8"?>
<!-- Generated by org.testng.reporters.JUnitReportReporter -->
<testsuite skipped="0" hostname="MAYUR-PC" name="com.automationframe.testcases.GetAllEmployees" tests="9" failures="0" timestamp="2020-04-18T00:44:04 IST" time="0.066" errors="0">
  <testcase name="tearDown" time="0.004" classname="com.automationframe.testcases.GetAllEmployees"/>
  <system-out/>
  <testcase name="checkContentType" time="0.004" classname="com.automationframe.testcases.GetAllEmployees"/>
  <system-out/>
  <testcase name="testResponsebody" time="0.016" classname="com.automationframe.testcases.GetAllEmployees"/>
  <system-out/>
  <testcase name="checkContentEncoding" time="0.014" classname="com.automationframe.testcases.GetAllEmployees"/>
  <system-out/>
  <testcase name="checkResponseTime" time="0.007" classname="com.automationframe.testcases.GetAllEmployees"/>
  <system-out/>
  <testcase name="checkStatusCode" time="0.003" classname="com.automationframe.testcases.GetAllEmployees"/>
  <system-out/>
  <testcase name="checkStatusLine" time="0.004" classname="com.automationframe.testcases.GetAllEmployees"/>
  <system-out/>
  <testcase name="checkServerType" time="0.010" classname="com.automationframe.testcases.GetAllEmployees"/>
  <system-out/>
  <testcase name="checkContentLength" time="0.004" classname="com.automationframe.testcases.GetAllEmployees"/>
  <system-out/>
</testsuite> <!-- com.automationframe.testcases.GetAllEmployees -->
