<?xml version="1.0" encoding="UTF-8"?>
<!-- Generated by org.testng.reporters.JUnitReportReporter -->
<testsuite skipped="0" hostname="MAYUR-PC" name="com.automationframe.testcases.RetrieveEmpInfo" tests="2" failures="0" timestamp="2020-04-18T00:44:04 IST" time="0.009" errors="0">
  <testcase name="checkStatuscode" time="0.003" classname="com.automationframe.testcases.RetrieveEmpInfo"/>
  <system-out/>
  <testcase name="checkResponseBody" time="0.006" classname="com.automationframe.testcases.RetrieveEmpInfo"/>
  <system-out/>
</testsuite> <!-- com.automationframe.testcases.RetrieveEmpInfo -->
