<?xml version="1.0" encoding="UTF-8"?>
<!-- Generated by org.testng.reporters.JUnitReportReporter -->
<testsuite skipped="0" hostname="MAYUR-PC" name="com.automationframe.testcases.UpdateEmployee" tests="1" failures="0" timestamp="2020-04-18T00:44:04 IST" time="5.980" errors="0">
  <testcase name="updateEmployee" time="5.980" classname="com.automationframe.testcases.UpdateEmployee"/>
  <system-out/>
</testsuite> <!-- com.automationframe.testcases.UpdateEmployee -->
